<?xml version="1.0" encoding="UTF-8"?>
<testsuite xmlns:xsi="http://www.w3.org/2001/XMLSchema-instance" xsi:noNamespaceSchemaLocation="https://maven.apache.org/surefire/maven-surefire-plugin/xsd/surefire-test-report-3.0.xsd" version="3.0" name="com.example.PierreApp.repository.TaskRepositoryTest" time="1.024" tests="2" errors="0" skipped="0" failures="0">
  <properties>
[...]
</properties>
  <testcase name="testFindByStatus" classname="com.example.PierreApp.repository.TaskRepositoryTest" time="0.29">
    <system-out><![CDATA[2024-01-10T11:00:15.350+01:00  INFO 25528 --- [           main] t.c.s.AnnotationConfigContextLoaderUtils : Could not detect default configuration classes for test class [com.example.PierreApp.repository.TaskRepositoryTest]: TaskRepositoryTest does not declare any static, non-private, non-final, nested classes annotated with @Configuration.
2024-01-10T11:00:15.383+01:00  INFO 25528 --- [           main] .b.t.c.SpringBootTestContextBootstrapper : Found @SpringBootConfiguration com.example.PierreApp.PierreAppApplication for test class com.example.PierreApp.repository.TaskRepositoryTest
2024-01-10T11:00:15.388+01:00  INFO 25528 --- [           main] o.s.b.d.r.RestartApplicationListener     : Restart disabled due to context in which it is running

  .   ____          _            __ _ _
 /\\ / ___'_ __ _ _(_)_ __  __ _ \ \ \ \
( ( )\___ | '_ | '_| | '_ \/ _` | \ \ \ \
 \\/  ___)| |_)| | | | | || (_| |  ) ) ) )
  '  |____| .__|_| |_|_| |_\__, | / / / /
 =========|_|==============|___/=/_/_/_/
 :: Spring Boot ::                (v3.1.7)

2024-01-10T11:00:15.422+01:00  INFO 25528 --- [           main] c.e.P.repository.TaskRepositoryTest      : Starting TaskRepositoryTest using Java 21.0.1 with PID 25528 (started by pierr in C:\Users\pierr\OneDrive\Bureau\individual-project)
2024-01-10T11:00:15.423+01:00  INFO 25528 --- [           main] c.e.P.repository.TaskRepositoryTest      : No active profile set, falling back to 1 default profile: "default"
2024-01-10T11:00:15.587+01:00  INFO 25528 --- [           main] .s.d.r.c.RepositoryConfigurationDelegate : Bootstrapping Spring Data JPA repositories in DEFAULT mode.
2024-01-10T11:00:15.600+01:00  INFO 25528 --- [           main] .s.d.r.c.RepositoryConfigurationDelegate : Finished Spring Data repository scanning in 12 ms. Found 1 JPA repository interface.
2024-01-10T11:00:15.614+01:00  INFO 25528 --- [           main] beddedDataSourceBeanFactoryPostProcessor : Replacing 'dataSource' DataSource bean with embedded version
2024-01-10T11:00:15.639+01:00  INFO 25528 --- [           main] o.s.j.d.e.EmbeddedDatabaseFactory        : Starting embedded database: url='jdbc:h2:mem:25fbd33e-be19-42db-87a6-1c0e251f63a6;DB_CLOSE_DELAY=-1;DB_CLOSE_ON_EXIT=false', username='sa'
2024-01-10T11:00:15.670+01:00  INFO 25528 --- [           main] o.hibernate.jpa.internal.util.LogHelper  : HHH000204: Processing PersistenceUnitInfo [name: default]
2024-01-10T11:00:15.681+01:00  INFO 25528 --- [           main] o.s.o.j.p.SpringPersistenceUnitInfo      : No LoadTimeWeaver setup: ignoring JPA class transformer
2024-01-10T11:00:15.713+01:00  INFO 25528 --- [           main] o.h.e.t.j.p.i.JtaPlatformInitiator       : HHH000489: No JTA platform available (set 'hibernate.transaction.jta.platform' to enable JTA platform integration)
Hibernate: drop table if exists task cascade 
Hibernate: create table task (due_date date, id bigint generated by default as identity, description varchar(255), status varchar(255), title varchar(255), primary key (id))
2024-01-10T11:00:15.716+01:00  INFO 25528 --- [           main] j.LocalContainerEntityManagerFactoryBean : Initialized JPA EntityManagerFactory for persistence unit 'default'
2024-01-10T11:00:15.781+01:00  INFO 25528 --- [           main] c.e.P.repository.TaskRepositoryTest      : Started TaskRepositoryTest in 0.393 seconds (process running for 7.536)
Hibernate: insert into task (description,due_date,status,title,id) values (?,?,?,?,default)
Hibernate: insert into task (description,due_date,status,title,id) values (?,?,?,?,default)
Hibernate: insert into task (description,due_date,status,title,id) values (?,?,?,?,default)
Hibernate: select t1_0.id,t1_0.description,t1_0.due_date,t1_0.status,t1_0.title from task t1_0 where t1_0.status=?
Hibernate: select t1_0.id,t1_0.description,t1_0.due_date,t1_0.status,t1_0.title from task t1_0 where t1_0.status=?
2024-01-10T11:00:16.072+01:00  INFO 25528 --- [           main] j.LocalContainerEntityManagerFactoryBean : Closing JPA EntityManagerFactory for persistence unit 'default'
Hibernate: drop table if exists task cascade 
]]></system-out>
  </testcase>
  <testcase name="testSaveAndFindById" classname="com.example.PierreApp.repository.TaskRepositoryTest" time="0.025">
    <system-out><![CDATA[2024-01-10T11:00:16.081+01:00  INFO 25528 --- [           main] o.s.b.d.r.RestartApplicationListener     : Restart disabled due to context in which it is running

  .   ____          _            __ _ _
 /\\ / ___'_ __ _ _(_)_ __  __ _ \ \ \ \
( ( )\___ | '_ | '_| | '_ \/ _` | \ \ \ \
 \\/  ___)| |_)| | | | | || (_| |  ) ) ) )
  '  |____| .__|_| |_|_| |_\__, | / / / /
 =========|_|==============|___/=/_/_/_/
 :: Spring Boot ::                (v3.1.7)

2024-01-10T11:00:16.106+01:00  INFO 25528 --- [           main] c.e.P.repository.TaskRepositoryTest      : Starting TaskRepositoryTest using Java 21.0.1 with PID 25528 (started by pierr in C:\Users\pierr\OneDrive\Bureau\individual-project)
2024-01-10T11:00:16.107+01:00  INFO 25528 --- [           main] c.e.P.repository.TaskRepositoryTest      : No active profile set, falling back to 1 default profile: "default"
2024-01-10T11:00:16.188+01:00  INFO 25528 --- [           main] .s.d.r.c.RepositoryConfigurationDelegate : Bootstrapping Spring Data JPA repositories in DEFAULT mode.
2024-01-10T11:00:16.202+01:00  INFO 25528 --- [           main] .s.d.r.c.RepositoryConfigurationDelegate : Finished Spring Data repository scanning in 12 ms. Found 1 JPA repository interface.
2024-01-10T11:00:16.214+01:00  INFO 25528 --- [           main] beddedDataSourceBeanFactoryPostProcessor : Replacing 'dataSource' DataSource bean with embedded version
2024-01-10T11:00:16.231+01:00  INFO 25528 --- [           main] o.s.j.d.e.EmbeddedDatabaseFactory        : Starting embedded database: url='jdbc:h2:mem:f8257d07-896f-47d2-8bf5-e09bb338b1f4;DB_CLOSE_DELAY=-1;DB_CLOSE_ON_EXIT=false', username='sa'
2024-01-10T11:00:16.259+01:00  INFO 25528 --- [           main] o.hibernate.jpa.internal.util.LogHelper  : HHH000204: Processing PersistenceUnitInfo [name: default]
2024-01-10T11:00:16.267+01:00  INFO 25528 --- [           main] o.s.o.j.p.SpringPersistenceUnitInfo      : No LoadTimeWeaver setup: ignoring JPA class transformer
2024-01-10T11:00:16.293+01:00  INFO 25528 --- [           main] o.h.e.t.j.p.i.JtaPlatformInitiator       : HHH000489: No JTA platform available (set 'hibernate.transaction.jta.platform' to enable JTA platform integration)
Hibernate: drop table if exists task cascade 
Hibernate: create table task (due_date date, id bigint generated by default as identity, description varchar(255), status varchar(255), title varchar(255), primary key (id))
2024-01-10T11:00:16.296+01:00  INFO 25528 --- [           main] j.LocalContainerEntityManagerFactoryBean : Initialized JPA EntityManagerFactory for persistence unit 'default'
2024-01-10T11:00:16.338+01:00  INFO 25528 --- [           main] c.e.P.repository.TaskRepositoryTest      : Started TaskRepositoryTest in 0.257 seconds (process running for 8.092)
Hibernate: insert into task (description,due_date,status,title,id) values (?,?,?,?,default)
2024-01-10T11:00:16.367+01:00  INFO 25528 --- [           main] j.LocalContainerEntityManagerFactoryBean : Closing JPA EntityManagerFactory for persistence unit 'default'
Hibernate: drop table if exists task cascade 
]]></system-out>
  </testcase>
</testsuite>